0 info it worked if it ends with ok
1 verbose cli [ 'C:\\Program Files (x86)\\nodejs\\node.exe',
1 verbose cli   'C:\\Program Files (x86)\\nodejs\\node_modules\\npm\\bin\\npm-cli.js',
1 verbose cli   'install',
1 verbose cli   'ng-rest-http' ]
2 info using npm@3.10.10
3 info using node@v6.10.3
4 silly loadCurrentTree Starting
5 silly install loadCurrentTree
6 silly install readLocalPackageData
7 silly fetchPackageMetaData ng-rest-http
8 silly fetchNamedPackageData ng-rest-http
9 silly mapToRegistry name ng-rest-http
10 silly mapToRegistry using default registry
11 silly mapToRegistry registry https://registry.npmjs.org/
12 silly mapToRegistry data Result {
12 silly mapToRegistry   raw: 'ng-rest-http',
12 silly mapToRegistry   scope: null,
12 silly mapToRegistry   escapedName: 'ng-rest-http',
12 silly mapToRegistry   name: 'ng-rest-http',
12 silly mapToRegistry   rawSpec: '',
12 silly mapToRegistry   spec: 'latest',
12 silly mapToRegistry   type: 'tag' }
13 silly mapToRegistry uri https://registry.npmjs.org/ng-rest-http
14 verbose request uri https://registry.npmjs.org/ng-rest-http
15 verbose request no auth needed
16 info attempt registry request try #1 at 10:25:27
17 verbose request using bearer token for auth
18 verbose request id 2f9ebe5cecd558df
19 verbose etag "5a823ab0-8da"
20 verbose lastModified Tue, 13 Feb 2018 1:09:04 GMT
21 http request GET https://registry.npmjs.org/ng-rest-http
22 http 304 https://registry.npmjs.org/ng-rest-http
23 verbose headers { date: 'Tue, 13 Feb 2018 01:25:26 GMT',
23 verbose headers   via: '1.1 varnish',
23 verbose headers   'cache-control': 'max-age=300',
23 verbose headers   etag: '"5a823ab0-8da"',
23 verbose headers   age: '901',
23 verbose headers   connection: 'keep-alive',
23 verbose headers   'x-served-by': 'cache-hnd18739-HND',
23 verbose headers   'x-cache': 'HIT',
23 verbose headers   'x-cache-hits': '1',
23 verbose headers   'x-timer': 'S1518485127.658241,VS0,VE1',
23 verbose headers   vary: 'Accept-Encoding, Accept' }
24 silly get cb [ 304,
24 silly get   { date: 'Tue, 13 Feb 2018 01:25:26 GMT',
24 silly get     via: '1.1 varnish',
24 silly get     'cache-control': 'max-age=300',
24 silly get     etag: '"5a823ab0-8da"',
24 silly get     age: '901',
24 silly get     connection: 'keep-alive',
24 silly get     'x-served-by': 'cache-hnd18739-HND',
24 silly get     'x-cache': 'HIT',
24 silly get     'x-cache-hits': '1',
24 silly get     'x-timer': 'S1518485127.658241,VS0,VE1',
24 silly get     vary: 'Accept-Encoding, Accept' } ]
25 verbose etag https://registry.npmjs.org/ng-rest-http from cache
26 verbose get saving ng-rest-http to C:\Users\Administrator\AppData\Roaming\npm-cache\registry.npmjs.org\ng-rest-http\.cache.json
27 verbose correctMkdir C:\Users\Administrator\AppData\Roaming\npm-cache correctMkdir not in flight; initializing
28 silly install normalizeTree
29 silly loadCurrentTree Finishing
30 silly loadIdealTree Starting
31 silly install loadIdealTree
32 silly cloneCurrentTree Starting
33 silly install cloneCurrentTreeToIdealTree
34 silly cloneCurrentTree Finishing
35 silly loadShrinkwrap Starting
36 silly install loadShrinkwrap
37 silly loadShrinkwrap Finishing
38 silly loadAllDepsIntoIdealTree Starting
39 silly install loadAllDepsIntoIdealTree
40 silly rollbackFailedOptional Starting
41 silly rollbackFailedOptional Finishing
42 silly runTopLevelLifecycles Finishing
43 silly install printInstalled
44 verbose stack Error: Refusing to install ng-rest-http as a dependency of itself
44 verbose stack     at checkSelf (C:\Program Files (x86)\nodejs\node_modules\npm\lib\install\validate-args.js:53:14)
44 verbose stack     at Array.<anonymous> (C:\Program Files (x86)\nodejs\node_modules\npm\node_modules\slide\lib\bind-actor.js:15:8)
44 verbose stack     at LOOP (C:\Program Files (x86)\nodejs\node_modules\npm\node_modules\slide\lib\chain.js:15:14)
44 verbose stack     at chain (C:\Program Files (x86)\nodejs\node_modules\npm\node_modules\slide\lib\chain.js:20:5)
44 verbose stack     at C:\Program Files (x86)\nodejs\node_modules\npm\lib\install\validate-args.js:16:5
44 verbose stack     at C:\Program Files (x86)\nodejs\node_modules\npm\node_modules\slide\lib\async-map.js:52:35
44 verbose stack     at Array.forEach (native)
44 verbose stack     at C:\Program Files (x86)\nodejs\node_modules\npm\node_modules\slide\lib\async-map.js:52:11
44 verbose stack     at Array.forEach (native)
44 verbose stack     at asyncMap (C:\Program Files (x86)\nodejs\node_modules\npm\node_modules\slide\lib\async-map.js:51:8)
45 verbose cwd C:\Users\Administrator\project\npm\ng-httpClient
46 error Windows_NT 6.1.7601
47 error argv "C:\\Program Files (x86)\\nodejs\\node.exe" "C:\\Program Files (x86)\\nodejs\\node_modules\\npm\\bin\\npm-cli.js" "install" "ng-rest-http"
48 error node v6.10.3
49 error npm  v3.10.10
50 error code ENOSELF
51 error Refusing to install ng-rest-http as a dependency of itself
52 error If you need help, you may report this error at:
52 error     <https://github.com/npm/npm/issues>
53 verbose exit [ 1, true ]
